<?xml version="1.0" encoding="UTF-8"?>
<testng-results skipped="0" failed="0" total="1" passed="1">
  <reporter-output>
  </reporter-output>
  <suite name="Command line suite" duration-ms="30" started-at="2017-04-03T19:43:49Z" finished-at="2017-04-03T19:43:49Z">
    <groups>
    </groups>
    <test name="Command line test" duration-ms="30" started-at="2017-04-03T19:43:49Z" finished-at="2017-04-03T19:43:49Z">
      <class name="com.cucumber.RianFlow.AppTest">
        <test-method status="PASS" signature="testApp()[pri:0, instance:testApp(com.cucumber.RianFlow.AppTest)]" name="testApp" duration-ms="1" started-at="2017-04-03T20:43:49Z" finished-at="2017-04-03T20:43:49Z">
          <reporter-output>
          </reporter-output>
        </test-method> <!-- testApp -->
      </class> <!-- com.cucumber.RianFlow.AppTest -->
    </test> <!-- Command line test -->
  </suite> <!-- Command line suite -->
</testng-results>
